app/manifest-merger-flavors_release-release-report.txt
-- Merging decision tree log ---
manifest
ADDED from AndroidManifest.xml:2:1
	package
		ADDED from AndroidManifest.xml:3:5
		INJECTED from AndroidManifest.xml:0:0
		INJECTED from AndroidManifest.xml:0:0
	android:versionName
		INJECTED from AndroidManifest.xml:0:0
		INJECTED from AndroidManifest.xml:0:0
	xmlns:android
		ADDED from AndroidManifest.xml:2:11
	android:versionCode
		INJECTED from AndroidManifest.xml:0:0
		INJECTED from AndroidManifest.xml:0:0
uses-permission#android.permission.READ_EXTERNAL_STORAGE
ADDED from AndroidManifest.xml:5:5
	android:name
		ADDED from AndroidManifest.xml:5:22
uses-permission#android.permission.READ_PHONE_STATE
ADDED from AndroidManifest.xml:6:5
	android:name
		ADDED from AndroidManifest.xml:6:22
uses-permission#android.permission.INTERNET
ADDED from AndroidManifest.xml:7:5
MERGED from com.crashlytics.sdk.android:crashlytics:2.4.0:9:5
MERGED from com.crashlytics.sdk.android:crashlytics-core:2.3.3:9:5
	android:name
		ADDED from AndroidManifest.xml:7:22
uses-permission#android.permission.RESTART_PACKAGES
ADDED from AndroidManifest.xml:8:5
	android:name
		ADDED from AndroidManifest.xml:8:22
uses-permission#android.permission.WRITE_EXTERNAL_STORAGE
ADDED from AndroidManifest.xml:9:5
	android:name
		ADDED from AndroidManifest.xml:9:22
uses-permission#android.permission.CAMERA
ADDED from AndroidManifest.xml:10:5
	android:name
		ADDED from AndroidManifest.xml:10:22
uses-permission#android.permission.MOUNT_UNMOUNT_FILESYSTEMS
ADDED from AndroidManifest.xml:11:5
	android:name
		ADDED from AndroidManifest.xml:11:22
uses-permission#android.permission.install_packages
ADDED from AndroidManifest.xml:12:5
	android:name
		ADDED from AndroidManifest.xml:12:22
uses-permission#android.permission.ACCESS_WIFI_STATE
ADDED from AndroidManifest.xml:14:5
	android:name
		ADDED from AndroidManifest.xml:14:22
uses-permission#android.permission.ACCESS_NETWORK_STATE
ADDED from AndroidManifest.xml:15:5
	android:name
		ADDED from AndroidManifest.xml:15:22
uses-permission#android.permission.GET_TASKS
ADDED from AndroidManifest.xml:17:5
	android:name
		ADDED from AndroidManifest.xml:17:22
uses-feature#android.hardware.camera
ADDED from AndroidManifest.xml:19:5
	android:name
		ADDED from AndroidManifest.xml:19:19
uses-feature#android.hardware.camera.autofocus
ADDED from AndroidManifest.xml:20:5
	android:required
		ADDED from AndroidManifest.xml:22:9
	android:name
		ADDED from AndroidManifest.xml:21:9
application
ADDED from AndroidManifest.xml:24:5
MERGED from com.android.support:appcompat-v7:21.0.3:16:5
MERGED from com.android.support:support-v4:21.0.3:16:5
MERGED from Yilife:pullToRefreshLibrary:unspecified:11:5
MERGED from com.crashlytics.sdk.android:crashlytics:2.4.0:11:5
MERGED from io.fabric.sdk.android:fabric:1.3.4:25:5
MERGED from com.crashlytics.sdk.android:crashlytics-core:2.3.3:11:5
MERGED from io.fabric.sdk.android:fabric:1.3.4:25:5
MERGED from com.crashlytics.sdk.android:answers:1.2.2:9:5
MERGED from io.fabric.sdk.android:fabric:1.3.4:25:5
MERGED from com.crashlytics.sdk.android:beta:1.1.3:9:5
MERGED from io.fabric.sdk.android:fabric:1.3.4:25:5
MERGED from com.crashlytics.sdk.android:answers:1.2.2:9:5
MERGED from io.fabric.sdk.android:fabric:1.3.4:25:5
	android:label
		ADDED from AndroidManifest.xml:27:9
	android:allowBackup
		ADDED from AndroidManifest.xml:25:9
	android:icon
		ADDED from AndroidManifest.xml:26:9
	android:theme
		ADDED from AndroidManifest.xml:28:9
receiver#com.jiuan.android.app.yilife.config.MyBroad
ADDED from AndroidManifest.xml:29:9
	android:name
		ADDED from AndroidManifest.xml:29:19
intent-filter#android.intent.action.DOWNLOAD_COMPLETE
ADDED from AndroidManifest.xml:30:13
action#android.intent.action.DOWNLOAD_COMPLETE
ADDED from AndroidManifest.xml:31:17
	android:name
		ADDED from AndroidManifest.xml:31:25
activity#com.jiuan.android.app.yilife.activity.MainActivity
ADDED from AndroidManifest.xml:38:9
	android:screenOrientation
		ADDED from AndroidManifest.xml:41:13
	android:label
		ADDED from AndroidManifest.xml:40:13
	android:name
		ADDED from AndroidManifest.xml:39:13
activity#com.jiuan.android.app.yilife.activity.BBSMain
ADDED from AndroidManifest.xml:43:9
	android:screenOrientation
		ADDED from AndroidManifest.xml:45:13
	android:name
		ADDED from AndroidManifest.xml:44:13
activity#com.jiuan.android.app.yilife.imageloader.SelectImageActivity
ADDED from AndroidManifest.xml:46:9
	android:screenOrientation
		ADDED from AndroidManifest.xml:48:13
	android:name
		ADDED from AndroidManifest.xml:47:13
activity#com.jiuan.android.app.yilife.imageloader.SelectImageBBSActivity
ADDED from AndroidManifest.xml:49:9
	android:screenOrientation
		ADDED from AndroidManifest.xml:51:13
	android:name
		ADDED from AndroidManifest.xml:50:13
activity#com.jiuan.android.app.yilife.imageloader.SelectImageTouxiangActivity
ADDED from AndroidManifest.xml:52:9
	android:screenOrientation
		ADDED from AndroidManifest.xml:54:13
	android:name
		ADDED from AndroidManifest.xml:53:13
activity#com.jiuan.android.app.yilife.activity.Splash
ADDED from AndroidManifest.xml:55:9
	android:screenOrientation
		ADDED from AndroidManifest.xml:57:13
	android:name
		ADDED from AndroidManifest.xml:56:13
intent-filter#android.intent.action.MAIN+android.intent.category.LAUNCHER
ADDED from AndroidManifest.xml:58:13
action#android.intent.action.MAIN
ADDED from AndroidManifest.xml:59:17
	android:name
		ADDED from AndroidManifest.xml:59:25
category#android.intent.category.LAUNCHER
ADDED from AndroidManifest.xml:61:17
	android:name
		ADDED from AndroidManifest.xml:61:27
activity#com.jiuan.android.app.yilife.activity.Forum
ADDED from AndroidManifest.xml:64:9
	android:screenOrientation
		ADDED from AndroidManifest.xml:67:13
	android:label
		ADDED from AndroidManifest.xml:66:13
	android:name
		ADDED from AndroidManifest.xml:65:13
activity#com.jiuan.android.app.yilife.activity.Store
ADDED from AndroidManifest.xml:69:9
	android:screenOrientation
		ADDED from AndroidManifest.xml:72:13
	android:label
		ADDED from AndroidManifest.xml:71:13
	android:name
		ADDED from AndroidManifest.xml:70:13
activity#com.jiuan.android.app.yilife.activity.Apps
ADDED from AndroidManifest.xml:74:9
	android:screenOrientation
		ADDED from AndroidManifest.xml:77:13
	android:label
		ADDED from AndroidManifest.xml:76:13
	android:name
		ADDED from AndroidManifest.xml:75:13
activity#com.jiuan.android.app.yilife.activity.LoginNormal
ADDED from AndroidManifest.xml:79:9
	android:screenOrientation
		ADDED from AndroidManifest.xml:82:13
	android:label
		ADDED from AndroidManifest.xml:81:13
	android:name
		ADDED from AndroidManifest.xml:80:13
activity#com.jiuan.android.app.yilife.activity.Registration
ADDED from AndroidManifest.xml:84:9
	android:screenOrientation
		ADDED from AndroidManifest.xml:87:13
	android:label
		ADDED from AndroidManifest.xml:86:13
	android:name
		ADDED from AndroidManifest.xml:85:13
activity#com.jiuan.android.app.yilife.activity.MyDetail
ADDED from AndroidManifest.xml:89:9
	android:screenOrientation
		ADDED from AndroidManifest.xml:92:13
	android:label
		ADDED from AndroidManifest.xml:91:13
	android:name
		ADDED from AndroidManifest.xml:90:13
activity#com.jiuan.android.app.yilife.activity.LoginGetchecknumber
ADDED from AndroidManifest.xml:94:9
	android:screenOrientation
		ADDED from AndroidManifest.xml:97:13
	android:label
		ADDED from AndroidManifest.xml:96:13
	android:name
		ADDED from AndroidManifest.xml:95:13
activity#com.jiuan.android.app.yilife.activity.Fankui
ADDED from AndroidManifest.xml:99:9
	android:screenOrientation
		ADDED from AndroidManifest.xml:102:13
	android:label
		ADDED from AndroidManifest.xml:101:13
	android:name
		ADDED from AndroidManifest.xml:100:13
activity#com.jiuan.android.app.yilife.activity.Changes
ADDED from AndroidManifest.xml:104:9
	android:screenOrientation
		ADDED from AndroidManifest.xml:107:13
	android:label
		ADDED from AndroidManifest.xml:106:13
	android:name
		ADDED from AndroidManifest.xml:105:13
meta-data#com.crashlytics.ApiKey
ADDED from AndroidManifest.xml:110:9
	android:value
		ADDED from AndroidManifest.xml:112:13
	android:name
		ADDED from AndroidManifest.xml:111:13
activity#com.jiuan.android.app.yilife.activity.AppsDetail
ADDED from AndroidManifest.xml:114:9
	android:screenOrientation
		ADDED from AndroidManifest.xml:117:13
	android:label
		ADDED from AndroidManifest.xml:116:13
	android:name
		ADDED from AndroidManifest.xml:115:13
activity#com.jiuan.android.app.yilife.activity.NoteList
ADDED from AndroidManifest.xml:119:9
	android:screenOrientation
		ADDED from AndroidManifest.xml:122:13
	android:label
		ADDED from AndroidManifest.xml:121:13
	android:name
		ADDED from AndroidManifest.xml:120:13
activity#com.jiuan.android.app.yilife.activity.SendNote
ADDED from AndroidManifest.xml:124:9
	android:screenOrientation
		ADDED from AndroidManifest.xml:128:13
	android:label
		ADDED from AndroidManifest.xml:127:13
	android:windowSoftInputMode
		ADDED from AndroidManifest.xml:129:13
	android:configChanges
		ADDED from AndroidManifest.xml:126:13
	android:name
		ADDED from AndroidManifest.xml:125:13
activity#com.jiuan.android.app.yilife.activity.MyBBsNote
ADDED from AndroidManifest.xml:131:9
	android:screenOrientation
		ADDED from AndroidManifest.xml:134:13
	android:label
		ADDED from AndroidManifest.xml:133:13
	android:name
		ADDED from AndroidManifest.xml:132:13
activity#com.jiuan.android.app.yilife.activity.ShowNote
ADDED from AndroidManifest.xml:136:9
	android:screenOrientation
		ADDED from AndroidManifest.xml:139:13
	android:label
		ADDED from AndroidManifest.xml:138:13
	android:windowSoftInputMode
		ADDED from AndroidManifest.xml:140:13
	android:name
		ADDED from AndroidManifest.xml:137:13
activity#com.jiuan.android.app.yilife.activity.BigPic
ADDED from AndroidManifest.xml:142:9
	android:screenOrientation
		ADDED from AndroidManifest.xml:144:13
	android:name
		ADDED from AndroidManifest.xml:143:13
activity#com.jiuan.android.app.yilife.activity.BigPic2
ADDED from AndroidManifest.xml:146:9
	android:screenOrientation
		ADDED from AndroidManifest.xml:148:13
	android:name
		ADDED from AndroidManifest.xml:147:13
activity#com.jiuan.android.app.yilife.activity.PingLun
ADDED from AndroidManifest.xml:150:9
	android:screenOrientation
		ADDED from AndroidManifest.xml:153:13
	android:label
		ADDED from AndroidManifest.xml:152:13
	android:name
		ADDED from AndroidManifest.xml:151:13
activity#com.jiuan.android.app.yilife.activity.PingLunList
ADDED from AndroidManifest.xml:155:9
	android:screenOrientation
		ADDED from AndroidManifest.xml:158:13
	android:label
		ADDED from AndroidManifest.xml:157:13
	android:name
		ADDED from AndroidManifest.xml:156:13
activity#com.jiuan.android.app.yilife.activity.MyRedbag
ADDED from AndroidManifest.xml:160:9
	android:screenOrientation
		ADDED from AndroidManifest.xml:163:13
	android:label
		ADDED from AndroidManifest.xml:162:13
	android:name
		ADDED from AndroidManifest.xml:161:13
activity#com.jiuan.android.app.yilife.activity.Duihuan
ADDED from AndroidManifest.xml:165:9
	android:screenOrientation
		ADDED from AndroidManifest.xml:168:13
	android:label
		ADDED from AndroidManifest.xml:167:13
	android:name
		ADDED from AndroidManifest.xml:166:13
activity#com.jiuan.android.app.yilife.activity.DuihuanDone
ADDED from AndroidManifest.xml:170:9
	android:screenOrientation
		ADDED from AndroidManifest.xml:173:13
	android:label
		ADDED from AndroidManifest.xml:172:13
	android:name
		ADDED from AndroidManifest.xml:171:13
activity#com.jiuan.android.app.yilife.wxapi.WXEntryActivity
ADDED from AndroidManifest.xml:175:9
	android:screenOrientation
		ADDED from AndroidManifest.xml:179:13
	android:label
		ADDED from AndroidManifest.xml:178:13
	android:exported
		ADDED from AndroidManifest.xml:177:13
	android:name
		ADDED from AndroidManifest.xml:176:13
activity#com.jiuan.android.app.yilife.activity.HTML5Activity
ADDED from AndroidManifest.xml:181:9
	android:screenOrientation
		ADDED from AndroidManifest.xml:184:13
	android:label
		ADDED from AndroidManifest.xml:183:13
	android:name
		ADDED from AndroidManifest.xml:182:13
activity#com.jiuan.android.app.yilife.activity.www1
ADDED from AndroidManifest.xml:187:9
	android:screenOrientation
		ADDED from AndroidManifest.xml:190:13
	android:label
		ADDED from AndroidManifest.xml:189:13
	android:name
		ADDED from AndroidManifest.xml:188:13
activity#com.sina.weibo.sdk.component.WeiboSdkBrowser
ADDED from AndroidManifest.xml:192:9
	android:exported
		ADDED from AndroidManifest.xml:195:13
	android:windowSoftInputMode
		ADDED from AndroidManifest.xml:196:13
	android:configChanges
		ADDED from AndroidManifest.xml:194:13
	android:name
		ADDED from AndroidManifest.xml:193:13
service#com.sina.weibo.sdk.net.DownloadService
ADDED from AndroidManifest.xml:199:9
	android:exported
		ADDED from AndroidManifest.xml:201:13
	android:name
		ADDED from AndroidManifest.xml:200:13
activity#com.jiuan.android.app.yilife.activity.BBSinfoActivity
ADDED from AndroidManifest.xml:208:9
	android:screenOrientation
		ADDED from AndroidManifest.xml:211:13
	android:label
		ADDED from AndroidManifest.xml:210:13
	android:name
		ADDED from AndroidManifest.xml:209:13
activity#com.jiuan.android.app.yilife.activity.ForumInfoChange
ADDED from AndroidManifest.xml:213:9
	android:screenOrientation
		ADDED from AndroidManifest.xml:216:13
	android:label
		ADDED from AndroidManifest.xml:215:13
	android:name
		ADDED from AndroidManifest.xml:214:13
activity#com.jiuan.android.app.yilife.activity.QQActivity
ADDED from AndroidManifest.xml:218:9
	android:label
		ADDED from AndroidManifest.xml:220:13
	android:name
		ADDED from AndroidManifest.xml:219:13
activity#com.tencent.open.yyb.AppbarActivity
ADDED from AndroidManifest.xml:222:9
	android:screenOrientation
		ADDED from AndroidManifest.xml:225:13
	android:configChanges
		ADDED from AndroidManifest.xml:224:13
	android:theme
		ADDED from AndroidManifest.xml:226:13
	android:name
		ADDED from AndroidManifest.xml:223:13
activity#com.tencent.connect.avatar.ImageActivity
ADDED from AndroidManifest.xml:227:9
	android:name
		ADDED from AndroidManifest.xml:227:19
activity#com.tencent.connect.common.AssistActivity
ADDED from AndroidManifest.xml:228:9
	android:screenOrientation
		ADDED from AndroidManifest.xml:231:13
	android:configChanges
		ADDED from AndroidManifest.xml:230:13
	android:theme
		ADDED from AndroidManifest.xml:232:13
	android:name
		ADDED from AndroidManifest.xml:229:13
activity#com.tencent.tauth.AuthActivity
ADDED from AndroidManifest.xml:233:9
	android:launchMode
		ADDED from AndroidManifest.xml:235:13
	android:noHistory
		ADDED from AndroidManifest.xml:236:13
	android:name
		ADDED from AndroidManifest.xml:234:13
intent-filter#android.intent.action.VIEW+android.intent.category.BROWSABLE+android.intent.category.DEFAULT
ADDED from AndroidManifest.xml:237:13
action#android.intent.action.VIEW
ADDED from AndroidManifest.xml:238:17
	android:name
		ADDED from AndroidManifest.xml:238:25
category#android.intent.category.DEFAULT
ADDED from AndroidManifest.xml:240:17
	android:name
		ADDED from AndroidManifest.xml:240:27
category#android.intent.category.BROWSABLE
ADDED from AndroidManifest.xml:241:17
	android:name
		ADDED from AndroidManifest.xml:241:27
data
ADDED from AndroidManifest.xml:243:17
	android:scheme
		ADDED from AndroidManifest.xml:243:23
activity#com.jiuan.android.app.yilife.activity.WeiXinLoginActivity
ADDED from AndroidManifest.xml:247:9
	android:label
		ADDED from AndroidManifest.xml:249:13
	android:name
		ADDED from AndroidManifest.xml:248:13
activity#com.jiuan.android.app.yilife.activity.MyErweima
ADDED from AndroidManifest.xml:251:9
	android:screenOrientation
		ADDED from AndroidManifest.xml:254:13
	android:label
		ADDED from AndroidManifest.xml:253:13
	android:name
		ADDED from AndroidManifest.xml:252:13
activity#com.jiuan.android.app.yilife.activity.Bangding
ADDED from AndroidManifest.xml:256:9
	android:screenOrientation
		ADDED from AndroidManifest.xml:259:13
	android:label
		ADDED from AndroidManifest.xml:258:13
	android:name
		ADDED from AndroidManifest.xml:257:13
activity#com.jiuan.android.app.yilife.activity.BangDingOrNot
ADDED from AndroidManifest.xml:261:9
	android:screenOrientation
		ADDED from AndroidManifest.xml:264:13
	android:label
		ADDED from AndroidManifest.xml:263:13
	android:name
		ADDED from AndroidManifest.xml:262:13
activity#com.jiuan.android.app.yilife.activity.QuickLoginActivity
ADDED from AndroidManifest.xml:266:9
	android:screenOrientation
		ADDED from AndroidManifest.xml:269:13
	android:label
		ADDED from AndroidManifest.xml:268:13
	android:name
		ADDED from AndroidManifest.xml:267:13
activity#com.jiuan.android.app.yilife.activity.ResgActivity
ADDED from AndroidManifest.xml:271:9
	android:screenOrientation
		ADDED from AndroidManifest.xml:274:13
	android:label
		ADDED from AndroidManifest.xml:273:13
	android:name
		ADDED from AndroidManifest.xml:272:13
activity#com.jiuan.android.app.yilife.activity.ForgetpasswordActivity
ADDED from AndroidManifest.xml:276:9
	android:screenOrientation
		ADDED from AndroidManifest.xml:279:13
	android:label
		ADDED from AndroidManifest.xml:278:13
	android:name
		ADDED from AndroidManifest.xml:277:13
activity#com.jiuan.android.app.yilife.activity.Forgetpassword2Activity
ADDED from AndroidManifest.xml:281:9
	android:screenOrientation
		ADDED from AndroidManifest.xml:284:13
	android:label
		ADDED from AndroidManifest.xml:283:13
	android:name
		ADDED from AndroidManifest.xml:282:13
activity#com.jiuan.android.app.yilife.activity.ThreadBangding
ADDED from AndroidManifest.xml:286:9
	android:screenOrientation
		ADDED from AndroidManifest.xml:289:13
	android:label
		ADDED from AndroidManifest.xml:288:13
	android:name
		ADDED from AndroidManifest.xml:287:13
activity#com.jiuan.android.app.yilife.activity.AD
ADDED from AndroidManifest.xml:291:9
	android:screenOrientation
		ADDED from AndroidManifest.xml:294:13
	android:label
		ADDED from AndroidManifest.xml:293:13
	android:name
		ADDED from AndroidManifest.xml:292:13
activity#com.jiuan.android.app.yilife.activity.CheckOldPhone
ADDED from AndroidManifest.xml:296:9
	android:screenOrientation
		ADDED from AndroidManifest.xml:299:13
	android:label
		ADDED from AndroidManifest.xml:298:13
	android:name
		ADDED from AndroidManifest.xml:297:13
activity#com.jiuan.android.app.yilife.activity.CheckNewPhone
ADDED from AndroidManifest.xml:301:9
	android:screenOrientation
		ADDED from AndroidManifest.xml:304:13
	android:label
		ADDED from AndroidManifest.xml:303:13
	android:name
		ADDED from AndroidManifest.xml:302:13
activity#com.jiuan.android.app.yilife.activity.CreatNewPassword
ADDED from AndroidManifest.xml:306:9
	android:screenOrientation
		ADDED from AndroidManifest.xml:309:13
	android:label
		ADDED from AndroidManifest.xml:308:13
	android:name
		ADDED from AndroidManifest.xml:307:13
activity#com.jiuan.android.app.yilife.activity.Setting
ADDED from AndroidManifest.xml:311:9
	android:screenOrientation
		ADDED from AndroidManifest.xml:314:13
	android:label
		ADDED from AndroidManifest.xml:313:13
	android:name
		ADDED from AndroidManifest.xml:312:13
activity#com.jiuan.android.app.yilife.activity.AboutUs
ADDED from AndroidManifest.xml:316:9
	android:screenOrientation
		ADDED from AndroidManifest.xml:319:13
	android:label
		ADDED from AndroidManifest.xml:318:13
	android:name
		ADDED from AndroidManifest.xml:317:13
activity#com.jiuan.android.app.yilife.activity.Text
ADDED from AndroidManifest.xml:321:9
	android:screenOrientation
		ADDED from AndroidManifest.xml:324:13
	android:label
		ADDED from AndroidManifest.xml:323:13
	android:name
		ADDED from AndroidManifest.xml:322:13
activity#com.jiuan.android.app.yilife.activity.MyDianPing
ADDED from AndroidManifest.xml:326:9
	android:screenOrientation
		ADDED from AndroidManifest.xml:329:13
	android:label
		ADDED from AndroidManifest.xml:328:13
	android:name
		ADDED from AndroidManifest.xml:327:13
activity#com.jiuan.android.app.yilife.activity.ParentActivity
ADDED from AndroidManifest.xml:331:9
	android:label
		ADDED from AndroidManifest.xml:333:13
	android:name
		ADDED from AndroidManifest.xml:332:13
receiver#com.jiuan.android.app.yilife.activity.ParentActivity$MyReceiver
ADDED from AndroidManifest.xml:336:9
	android:name
		ADDED from AndroidManifest.xml:336:19
intent-filter#2010.1+2010.2
ADDED from AndroidManifest.xml:337:13
action#2010.1
ADDED from AndroidManifest.xml:338:17
	android:name
		ADDED from AndroidManifest.xml:338:25
action#2010.2
ADDED from AndroidManifest.xml:339:17
	android:name
		ADDED from AndroidManifest.xml:339:25
activity#com.jiuan.android.app.yilife.activity.Huodong
ADDED from AndroidManifest.xml:343:9
	android:screenOrientation
		ADDED from AndroidManifest.xml:346:13
	android:label
		ADDED from AndroidManifest.xml:345:13
	android:name
		ADDED from AndroidManifest.xml:344:13
uses-sdk
INJECTED from AndroidManifest.xml:0:0 reason: use-sdk injection requested
MERGED from com.android.support:appcompat-v7:21.0.3:15:5
MERGED from com.android.support:support-v4:21.0.3:15:5
MERGED from Yilife:innovationlibrary:unspecified:7:5
MERGED from Yilife:utillibrary:unspecified:7:5
MERGED from Yilife:pullToRefreshLibrary:unspecified:7:5
MERGED from com.crashlytics.sdk.android:crashlytics:2.4.0:7:5
MERGED from io.fabric.sdk.android:fabric:1.3.4:23:5
MERGED from com.crashlytics.sdk.android:crashlytics-core:2.3.3:7:5
MERGED from io.fabric.sdk.android:fabric:1.3.4:23:5
MERGED from com.crashlytics.sdk.android:answers:1.2.2:7:5
MERGED from io.fabric.sdk.android:fabric:1.3.4:23:5
MERGED from com.crashlytics.sdk.android:beta:1.1.3:7:5
MERGED from io.fabric.sdk.android:fabric:1.3.4:23:5
MERGED from com.crashlytics.sdk.android:answers:1.2.2:7:5
MERGED from io.fabric.sdk.android:fabric:1.3.4:23:5
	android:targetSdkVersion
		INJECTED from AndroidManifest.xml:0:0
		INJECTED from AndroidManifest.xml:0:0
	android:minSdkVersion
		INJECTED from AndroidManifest.xml:0:0
		INJECTED from AndroidManifest.xml:0:0